# JRE version: Java(TM) SE Runtime Environment (22.0.2+9) (build 22.0.2+9-70)
# Java VM: Java HotSpot(TM) 64-Bit Server VM (22.0.2+9-70, mixed mode, sharing, tiered, compressed oops, compressed class ptrs, g1 gc, windows-amd64)
GC Precious Log:
 CardTable entry size: 512
 Card Set container configuration: InlinePtr #cards 5 size 8 Array Of Cards #cards 12 size 40 Howl #buckets 4 coarsen threshold 1843 Howl Bitmap #cards 512 size 80 coarsen threshold 460 Card regions per heap region 1 cards per card region 2048
 CPUs: 4 total, 4 available
 Memory: 3947M
 Large Page Support: Disabled
 NUMA Support: Disabled
 Compressed Oops: Enabled (32-bit)
 Heap Region Size: 1M
 Heap Min Capacity: 8M
 Heap Initial Capacity: 62M
 Heap Max Capacity: 988M
 Pre-touch: Disabled
 Parallel Workers: 4
 Concurrent Workers: 1
 Concurrent Refinement Workers: 4
 Periodic GC: Disabled
Heap:
 garbage-first heap   total reserved 1011712K, committed 204800K, used 93575K [0x00000000c2400000, 0x0000000100000000)
  region size 1024K, 8 young (8192K), 2 survivors (2048K)
 Metaspace       used 30487K, committed 31104K, reserved 1114112K
  class space    used 4231K, committed 4480K, reserved 1048576K
GC Heap History (20 events):
Event: 16211.576 GC heap before
{Heap before GC invocations=753 (full 0):
 garbage-first heap   total reserved 1011712K, committed 204800K, used 75127K [0x00000000c2400000, 0x0000000100000000)
  region size 1024K, 10 young (10240K), 2 survivors (2048K)
 Metaspace       used 30477K, committed 31040K, reserved 1114112K
  class space    used 4231K, committed 4480K, reserved 1048576K
}
Event: 16211.718 GC heap after
{Heap after GC invocations=754 (full 0):
 garbage-first heap   total reserved 1011712K, committed 204800K, used 69204K [0x00000000c2400000, 0x0000000100000000)
  region size 1024K, 2 young (2048K), 2 survivors (2048K)
 Metaspace       used 30477K, committed 31040K, reserved 1114112K
  class space    used 4231K, committed 4480K, reserved 1048576K
}
Event: 16212.201 GC heap before
{Heap before GC invocations=755 (full 0):
 garbage-first heap   total reserved 1011712K, committed 204800K, used 77396K [0x00000000c2400000, 0x0000000100000000)
  region size 1024K, 10 young (10240K), 2 survivors (2048K)
 Metaspace       used 30477K, committed 31040K, reserved 1114112K
  class space    used 4231K, committed 4480K, reserved 1048576K
}
Event: 16212.208 GC heap after
{Heap after GC invocations=756 (full 0):
 garbage-first heap   total reserved 1011712K, committed 204800K, used 71389K [0x00000000c2400000, 0x0000000100000000)
  region size 1024K, 2 young (2048K), 2 survivors (2048K)
 Metaspace       used 30477K, committed 31040K, reserved 1114112K
  class space    used 4231K, committed 4480K, reserved 1048576K
}
Event: 16214.666 GC heap before
{Heap before GC invocations=756 (full 0):
 garbage-first heap   total reserved 1011712K, committed 204800K, used 79581K [0x00000000c2400000, 0x0000000100000000)
  region size 1024K, 10 young (10240K), 2 survivors (2048K)
 Metaspace       used 30477K, committed 31040K, reserved 1114112K
  class space    used 4231K, committed 4480K, reserved 1048576K
}
Event: 16214.675 GC heap after
{Heap after GC invocations=757 (full 0):
 garbage-first heap   total reserved 1011712K, committed 204800K, used 73312K [0x00000000c2400000, 0x0000000100000000)
  region size 1024K, 2 young (2048K), 2 survivors (2048K)
 Metaspace       used 30477K, committed 31040K, reserved 1114112K
  class space    used 4231K, committed 4480K, reserved 1048576K
}
Event: 16215.234 GC heap before
{Heap before GC invocations=757 (full 0):
 garbage-first heap   total reserved 1011712K, committed 204800K, used 81504K [0x00000000c2400000, 0x0000000100000000)
  region size 1024K, 10 young (10240K), 2 survivors (2048K)
 Metaspace       used 30477K, committed 31040K, reserved 1114112K
  class space    used 4231K, committed 4480K, reserved 1048576K
}
Event: 16215.241 GC heap after
{Heap after GC invocations=758 (full 0):
 garbage-first heap   total reserved 1011712K, committed 204800K, used 75503K [0x00000000c2400000, 0x0000000100000000)
  region size 1024K, 2 young (2048K), 2 survivors (2048K)
 Metaspace       used 30477K, committed 31040K, reserved 1114112K
  class space    used 4231K, committed 4480K, reserved 1048576K
}
Event: 16215.732 GC heap before
{Heap before GC invocations=758 (full 0):
 garbage-first heap   total reserved 1011712K, committed 204800K, used 83695K [0x00000000c2400000, 0x0000000100000000)
  region size 1024K, 10 young (10240K), 2 survivors (2048K)
 Metaspace       used 30477K, committed 31040K, reserved 1114112K
  class space    used 4231K, committed 4480K, reserved 1048576K
}
Event: 16215.740 GC heap after
{Heap after GC invocations=759 (full 0):
 garbage-first heap   total reserved 1011712K, committed 204800K, used 77824K [0x00000000c2400000, 0x0000000100000000)
  region size 1024K, 2 young (2048K), 2 survivors (2048K)
 Metaspace       used 30477K, committed 31040K, reserved 1114112K
  class space    used 4231K, committed 4480K, reserved 1048576K
}
Event: 16216.784 GC heap before
{Heap before GC invocations=760 (full 0):
 garbage-first heap   total reserved 1011712K, committed 204800K, used 86016K [0x00000000c2400000, 0x0000000100000000)
  region size 1024K, 10 young (10240K), 2 survivors (2048K)
 Metaspace       used 30477K, committed 31040K, reserved 1114112K
  class space    used 4231K, committed 4480K, reserved 1048576K
}
Event: 16216.792 GC heap after
{Heap after GC invocations=761 (full 0):
 garbage-first heap   total reserved 1011712K, committed 204800K, used 79978K [0x00000000c2400000, 0x0000000100000000)
  region size 1024K, 2 young (2048K), 2 survivors (2048K)
 Metaspace       used 30477K, committed 31040K, reserved 1114112K
  class space    used 4231K, committed 4480K, reserved 1048576K
}
Event: 16217.298 GC heap before
{Heap before GC invocations=761 (full 0):
 garbage-first heap   total reserved 1011712K, committed 204800K, used 88170K [0x00000000c2400000, 0x0000000100000000)
  region size 1024K, 10 young (10240K), 2 survivors (2048K)
 Metaspace       used 30477K, committed 31040K, reserved 1114112K
  class space    used 4231K, committed 4480K, reserved 1048576K
}
Event: 16217.306 GC heap after
{Heap after GC invocations=762 (full 0):
 garbage-first heap   total reserved 1011712K, committed 204800K, used 82320K [0x00000000c2400000, 0x0000000100000000)
  region size 1024K, 2 young (2048K), 2 survivors (2048K)
 Metaspace       used 30477K, committed 31040K, reserved 1114112K
  class space    used 4231K, committed 4480K, reserved 1048576K
}
Event: 16217.883 GC heap before
{Heap before GC invocations=762 (full 0):
 garbage-first heap   total reserved 1011712K, committed 204800K, used 90512K [0x00000000c2400000, 0x0000000100000000)
  region size 1024K, 10 young (10240K), 2 survivors (2048K)
 Metaspace       used 30477K, committed 31040K, reserved 1114112K
  class space    used 4231K, committed 4480K, reserved 1048576K
}
Event: 16217.894 GC heap after
{Heap after GC invocations=763 (full 0):
 garbage-first heap   total reserved 1011712K, committed 204800K, used 83855K [0x00000000c2400000, 0x0000000100000000)
  region size 1024K, 2 young (2048K), 2 survivors (2048K)
 Metaspace       used 30477K, committed 31040K, reserved 1114112K
  class space    used 4231K, committed 4480K, reserved 1048576K
}
Event: 16287.890 GC heap before
{Heap before GC invocations=763 (full 0):
 garbage-first heap   total reserved 1011712K, committed 204800K, used 92047K [0x00000000c2400000, 0x0000000100000000)
  region size 1024K, 10 young (10240K), 2 survivors (2048K)
 Metaspace       used 30477K, committed 31040K, reserved 1114112K
  class space    used 4231K, committed 4480K, reserved 1048576K
}
Event: 16287.897 GC heap after
{Heap after GC invocations=764 (full 0):
 garbage-first heap   total reserved 1011712K, committed 204800K, used 85780K [0x00000000c2400000, 0x0000000100000000)
  region size 1024K, 2 young (2048K), 2 survivors (2048K)
 Metaspace       used 30477K, committed 31040K, reserved 1114112K
  class space    used 4231K, committed 4480K, reserved 1048576K
}
Event: 27113.155 GC heap before
{Heap before GC invocations=764 (full 0):
 garbage-first heap   total reserved 1011712K, committed 204800K, used 93972K [0x00000000c2400000, 0x0000000100000000)
  region size 1024K, 10 young (10240K), 2 survivors (2048K)
 Metaspace       used 30477K, committed 31040K, reserved 1114112K
  class space    used 4231K, committed 4480K, reserved 1048576K
}
Event: 27113.435 GC heap after
{Heap after GC invocations=765 (full 0):
 garbage-first heap   total reserved 1011712K, committed 204800K, used 88455K [0x00000000c2400000, 0x0000000100000000)
  region size 1024K, 2 young (2048K), 2 survivors (2048K)
 Metaspace       used 30477K, committed 31040K, reserved 1114112K
  class space    used 4231K, committed 4480K, reserved 1048576K
}

